=== 02c e2e 30-epoch run at Tue May 12 11:41:42 UTC 2026 ===
gpu: GPU 0: NVIDIA A10G (UUID: GPU-42f7860a-14a1-b0df-6817-1dd37d0490a1)
data: data/sf_d10_mpv8_2000g.npz
ckpt_dir: checkpoints/run02_30ep

=== Phase 2: training | 20x256 | 30 epochs | CUDA | Tue May 12 11:41:42 UTC 2026 ===
device: cuda
network: 20 blocks × 256 ch = 23,680,972 params
loading data/sf_d10_mpv8_2000g.npz ...
  242,718 positions, multipv K=8
[obs] history -> checkpoints/run02_30ep/train_history.json
[obs] live progress -> checkpoints/run02_30ep/.train_progress.json
  [train] ep0/30 b100/948 loss=4.389 top1=0.055 topK=0.418 gnorm=0.00 gpu_mb=401 t=51s
  [train] ep0/30 b150/948 loss=4.257 top1=0.098 topK=0.383 gnorm=0.00 gpu_mb=401 t=76s
  [b 189/948] loss=4.077 pol=3.536 val=0.5411 top1=0.121 topK=0.469 gnorm=4.84
  [train] ep0/30 b200/948 loss=3.976 top1=0.141 topK=0.520 gnorm=4.84 gpu_mb=401 t=103s
  [train] ep0/30 b250/948 loss=3.880 top1=0.102 topK=0.582 gnorm=4.84 gpu_mb=401 t=129s
  [train] ep0/30 b300/948 loss=3.812 top1=0.176 topK=0.523 gnorm=4.84 gpu_mb=401 t=155s
  [b 378/948] loss=3.700 pol=3.238 val=0.4619 top1=0.195 topK=0.633 gnorm=3.86
  [train] ep0/30 b350/948 loss=3.804 top1=0.121 topK=0.551 gnorm=4.84 gpu_mb=401 t=180s
  [train] ep0/30 b450/948 loss=3.711 top1=0.137 topK=0.562 gnorm=3.86 gpu_mb=401 t=231s
  [train] ep0/30 b500/948 loss=3.641 top1=0.191 topK=0.641 gnorm=3.86 gpu_mb=401 t=255s
  [b 567/948] loss=3.653 pol=3.184 val=0.4689 top1=0.191 topK=0.637 gnorm=2.75
  [train] ep0/30 b550/948 loss=3.497 top1=0.203 topK=0.660 gnorm=3.86 gpu_mb=401 t=278s
  [train] ep0/30 b600/948 loss=3.523 top1=0.152 topK=0.637 gnorm=2.75 gpu_mb=401 t=302s
  [train] ep0/30 b700/948 loss=3.570 top1=0.164 topK=0.617 gnorm=2.75 gpu_mb=401 t=349s
  [b 756/948] loss=3.468 pol=3.106 val=0.3622 top1=0.176 topK=0.621 gnorm=3.10
  [train] ep0/30 b750/948 loss=3.638 top1=0.148 topK=0.625 gnorm=2.75 gpu_mb=401 t=374s
  [train] ep0/30 b800/948 loss=3.604 top1=0.180 topK=0.605 gnorm=3.10 gpu_mb=401 t=398s
  [train] ep0/30 b850/948 loss=3.507 top1=0.184 topK=0.559 gnorm=3.10 gpu_mb=401 t=422s
  [b 945/948] loss=3.368 pol=3.028 val=0.3405 top1=0.199 topK=0.641 gnorm=3.53
  [b 948/948] loss=3.523 pol=3.113 val=0.4093 top1=0.172 topK=0.570 gnorm=3.68
epoch 00 (464.9s): loss=4.019 pol=3.548 val=0.4707 top1=0.147 topK=0.546 H(tgt)=1.54 gnorm=3.68
  [train] ep0/30 b948/948 loss=3.523 top1=0.172 topK=0.570 gnorm=3.68 gpu_mb=401 t=465s
  [train] ep1/30 b50/948 loss=3.447 top1=0.207 topK=0.660 gnorm=0.00 gpu_mb=401 t=485s
  [train] ep1/30 b150/948 loss=3.363 top1=0.227 topK=0.668 gnorm=0.00 gpu_mb=401 t=528s
  [b 189/948] loss=3.323 pol=2.963 val=0.3605 top1=0.203 topK=0.645 gnorm=3.39
  [train] ep1/30 b200/948 loss=3.368 top1=0.199 topK=0.629 gnorm=3.39 gpu_mb=401 t=550s
  [train] ep1/30 b300/948 loss=3.378 top1=0.191 topK=0.664 gnorm=3.39 gpu_mb=401 t=593s
  [train] ep1/30 b350/948 loss=3.305 top1=0.160 topK=0.680 gnorm=3.39 gpu_mb=401 t=614s
  [b 378/948] loss=3.256 pol=2.943 val=0.3130 top1=0.195 topK=0.668 gnorm=2.77
  [train] ep1/30 b450/948 loss=3.354 top1=0.172 topK=0.648 gnorm=2.77 gpu_mb=401 t=654s
  [train] ep1/30 b500/948 loss=3.425 top1=0.211 topK=0.648 gnorm=2.77 gpu_mb=401 t=676s
  [b 567/948] loss=3.282 pol=2.933 val=0.3497 top1=0.238 topK=0.715 gnorm=2.31
  [train] ep1/30 b550/948 loss=3.288 top1=0.242 topK=0.707 gnorm=2.77 gpu_mb=401 t=698s
  [train] ep1/30 b650/948 loss=3.411 top1=0.199 topK=0.672 gnorm=2.31 gpu_mb=401 t=737s
  [train] ep1/30 b700/948 loss=3.251 top1=0.215 topK=0.730 gnorm=2.31 gpu_mb=401 t=758s
  [b 756/948] loss=3.283 pol=2.906 val=0.3771 top1=0.203 topK=0.695 gnorm=2.98
  [train] ep1/30 b800/948 loss=3.177 top1=0.199 topK=0.695 gnorm=2.98 gpu_mb=401 t=800s
  [train] ep1/30 b850/948 loss=3.349 top1=0.219 topK=0.633 gnorm=2.98 gpu_mb=401 t=821s
  [b 945/948] loss=3.294 pol=2.917 val=0.3775 top1=0.227 topK=0.652 gnorm=2.69
  [b 948/948] loss=3.241 pol=2.950 val=0.2910 top1=0.227 topK=0.703 gnorm=2.31
epoch 01 (397.5s): loss=3.329 pol=2.962 val=0.3679 top1=0.208 topK=0.672 H(tgt)=1.54 gnorm=2.31
  [train] ep1/30 b948/948 loss=3.241 top1=0.227 topK=0.703 gnorm=2.31 gpu_mb=401 t=862s
  [train] ep2/30 b50/948 loss=3.125 top1=0.230 topK=0.773 gnorm=0.00 gpu_mb=401 t=884s
  [train] ep2/30 b150/948 loss=3.067 top1=0.207 topK=0.766 gnorm=0.00 gpu_mb=401 t=925s
  [b 189/948] loss=3.220 pol=2.840 val=0.3794 top1=0.227 topK=0.699 gnorm=2.36
  [train] ep2/30 b200/948 loss=3.158 top1=0.250 topK=0.758 gnorm=2.36 gpu_mb=401 t=945s
  [train] ep2/30 b300/948 loss=3.064 top1=0.234 topK=0.766 gnorm=2.36 gpu_mb=401 t=985s
  [train] ep2/30 b350/948 loss=3.097 top1=0.273 topK=0.734 gnorm=2.36 gpu_mb=401 t=1005s
  [b 378/948] loss=3.184 pol=2.878 val=0.3052 top1=0.262 topK=0.707 gnorm=2.11
  [train] ep2/30 b450/948 loss=3.180 top1=0.223 topK=0.648 gnorm=2.11 gpu_mb=401 t=1042s
  [train] ep2/30 b550/948 loss=3.321 top1=0.234 topK=0.691 gnorm=2.11 gpu_mb=401 t=1075s
  [b 567/948] loss=3.243 pol=2.891 val=0.3525 top1=0.219 topK=0.672 gnorm=2.10
  [train] ep2/30 b600/948 loss=3.135 top1=0.246 topK=0.703 gnorm=2.10 gpu_mb=401 t=1091s
  [train] ep2/30 b700/948 loss=3.065 top1=0.238 topK=0.746 gnorm=2.10 gpu_mb=401 t=1121s
  [b 756/948] loss=3.184 pol=2.886 val=0.2983 top1=0.195 topK=0.707 gnorm=2.27
  [train] ep2/30 b800/948 loss=3.223 top1=0.195 topK=0.719 gnorm=2.27 gpu_mb=401 t=1152s
  [b 945/948] loss=3.174 pol=2.890 val=0.2843 top1=0.203 topK=0.727 gnorm=2.63
  [b 948/948] loss=3.139 pol=2.827 val=0.3117 top1=0.211 topK=0.715 gnorm=2.67
epoch 02 (332.2s): loss=3.162 pol=2.851 val=0.3107 top1=0.232 topK=0.710 H(tgt)=1.54 gnorm=2.67
  [train] ep2/30 b948/948 loss=3.139 top1=0.211 topK=0.715 gnorm=2.67 gpu_mb=401 t=1195s
  [train] ep3/30 b100/948 loss=2.915 top1=0.277 topK=0.762 gnorm=0.00 gpu_mb=401 t=1220s
  [b 189/948] loss=3.121 pol=2.808 val=0.3125 top1=0.199 topK=0.684 gnorm=2.31
  [train] ep3/30 b200/948 loss=3.011 top1=0.262 topK=0.758 gnorm=2.31 gpu_mb=401 t=1247s
  [train] ep3/30 b300/948 loss=3.020 top1=0.262 topK=0.742 gnorm=2.31 gpu_mb=401 t=1273s
  [b 378/948] loss=3.060 pol=2.836 val=0.2241 top1=0.199 topK=0.707 gnorm=2.16
  [train] ep3/30 b450/948 loss=2.990 top1=0.273 topK=0.742 gnorm=2.16 gpu_mb=401 t=1311s
  [b 567/948] loss=3.114 pol=2.869 val=0.2450 top1=0.277 topK=0.758 gnorm=2.33
  [train] ep3/30 b600/948 loss=2.938 top1=0.191 topK=0.758 gnorm=2.33 gpu_mb=401 t=1345s
  [b 756/948] loss=2.931 pol=2.681 val=0.2502 top1=0.270 topK=0.703 gnorm=1.97
  [train] ep3/30 b750/948 loss=3.013 top1=0.234 topK=0.754 gnorm=2.33 gpu_mb=401 t=1372s
  [b 945/948] loss=3.001 pol=2.798 val=0.2032 top1=0.258 topK=0.727 gnorm=2.00
  [b 948/948] loss=3.020 pol=2.773 val=0.2473 top1=0.223 topK=0.707 gnorm=1.87
epoch 03 (207.1s): loss=3.031 pol=2.771 val=0.2604 top1=0.247 topK=0.737 H(tgt)=1.54 gnorm=1.87
  [train] ep3/30 b948/948 loss=3.020 top1=0.223 topK=0.707 gnorm=1.87 gpu_mb=401 t=1402s
  [b 189/948] loss=2.983 pol=2.755 val=0.2286 top1=0.254 topK=0.734 gnorm=1.98
  [train] ep4/30 b200/948 loss=3.048 top1=0.250 topK=0.727 gnorm=1.98 gpu_mb=401 t=1432s
  [b 378/948] loss=2.867 pol=2.656 val=0.2114 top1=0.293 topK=0.773 gnorm=1.75
  [train] ep4/30 b400/948 loss=2.853 top1=0.285 topK=0.766 gnorm=1.75 gpu_mb=401 t=1460s
  [b 567/948] loss=2.865 pol=2.670 val=0.1954 top1=0.254 topK=0.777 gnorm=1.62
  [train] ep4/30 b650/948 loss=3.053 top1=0.199 topK=0.730 gnorm=1.62 gpu_mb=401 t=1492s
  [b 756/948] loss=2.950 pol=2.704 val=0.2466 top1=0.242 topK=0.711 gnorm=1.98
  [train] ep4/30 b900/948 loss=2.878 top1=0.297 topK=0.766 gnorm=1.98 gpu_mb=401 t=1523s
  [b 945/948] loss=2.931 pol=2.741 val=0.1900 top1=0.199 topK=0.734 gnorm=1.75
  [b 948/948] loss=2.880 pol=2.649 val=0.2307 top1=0.223 topK=0.742 gnorm=1.83
epoch 04 (127.4s): loss=2.927 pol=2.708 val=0.2184 top1=0.262 topK=0.758 H(tgt)=1.54 gnorm=1.83
  saved checkpoints/run02_30ep/distilled_epoch004.pt
  [b 189/948] loss=2.805 pol=2.632 val=0.1729 top1=0.273 topK=0.785 gnorm=1.54
  [train] ep5/30 b200/948 loss=2.824 top1=0.273 topK=0.797 gnorm=1.54 gpu_mb=401 t=1554s
  [b 378/948] loss=2.807 pol=2.615 val=0.1916 top1=0.270 topK=0.777 gnorm=1.64
  [train] ep5/30 b450/948 loss=2.953 top1=0.254 topK=0.754 gnorm=1.64 gpu_mb=401 t=1586s
  [b 567/948] loss=2.774 pol=2.575 val=0.1994 top1=0.297 topK=0.762 gnorm=1.79
  [train] ep5/30 b650/948 loss=2.884 top1=0.250 topK=0.754 gnorm=1.79 gpu_mb=401 t=1611s
  [b 756/948] loss=2.982 pol=2.763 val=0.2188 top1=0.215 topK=0.734 gnorm=1.78
  [train] ep5/30 b900/948 loss=2.812 top1=0.328 topK=0.766 gnorm=1.78 gpu_mb=401 t=1642s
  [b 945/948] loss=2.886 pol=2.722 val=0.1633 top1=0.238 topK=0.801 gnorm=1.58
  [b 948/948] loss=2.787 pol=2.629 val=0.1579 top1=0.262 topK=0.793 gnorm=1.83
epoch 05 (119.3s): loss=2.844 pol=2.658 val=0.1862 top1=0.274 topK=0.774 H(tgt)=1.54 gnorm=1.83
  [b 189/948] loss=2.660 pol=2.490 val=0.1700 top1=0.293 topK=0.809 gnorm=1.61
  [train] ep6/30 b200/948 loss=2.700 top1=0.285 topK=0.773 gnorm=1.61 gpu_mb=401 t=1674s
  [b 378/948] loss=2.745 pol=2.600 val=0.1453 top1=0.293 topK=0.816 gnorm=1.44
  [train] ep6/30 b450/948 loss=2.743 top1=0.320 topK=0.820 gnorm=1.44 gpu_mb=401 t=1705s
  [b 567/948] loss=2.785 pol=2.616 val=0.1697 top1=0.281 topK=0.805 gnorm=1.55
  [train] ep6/30 b650/948 loss=2.872 top1=0.242 topK=0.797 gnorm=1.55 gpu_mb=401 t=1730s
  [b 756/948] loss=2.876 pol=2.700 val=0.1754 top1=0.289 topK=0.738 gnorm=1.70
  [train] ep6/30 b900/948 loss=2.722 top1=0.258 topK=0.816 gnorm=1.70 gpu_mb=401 t=1762s
  [b 945/948] loss=2.941 pol=2.748 val=0.1937 top1=0.270 topK=0.758 gnorm=1.65
  [b 948/948] loss=2.788 pol=2.642 val=0.1460 top1=0.270 topK=0.770 gnorm=1.49
epoch 06 (119.3s): loss=2.780 pol=2.616 val=0.1643 top1=0.286 topK=0.787 H(tgt)=1.54 gnorm=1.49
  [b 189/948] loss=2.704 pol=2.557 val=0.1463 top1=0.324 topK=0.836 gnorm=1.66
  [train] ep7/30 b200/948 loss=2.725 top1=0.352 topK=0.820 gnorm=1.66 gpu_mb=401 t=1793s
  [b 378/948] loss=2.757 pol=2.561 val=0.1968 top1=0.340 topK=0.816 gnorm=2.10
  [train] ep7/30 b450/948 loss=2.584 top1=0.324 topK=0.793 gnorm=2.10 gpu_mb=401 t=1825s
  [b 567/948] loss=2.636 pol=2.481 val=0.1545 top1=0.301 topK=0.793 gnorm=1.46
  [train] ep7/30 b700/948 loss=2.781 top1=0.301 topK=0.816 gnorm=1.46 gpu_mb=401 t=1856s
  [b 756/948] loss=2.763 pol=2.617 val=0.1468 top1=0.312 topK=0.836 gnorm=1.42
  [train] ep7/30 b900/948 loss=2.715 top1=0.316 topK=0.754 gnorm=1.42 gpu_mb=401 t=1881s
  [b 945/948] loss=2.798 pol=2.655 val=0.1438 top1=0.223 topK=0.766 gnorm=1.55
  [b 948/948] loss=2.767 pol=2.603 val=0.1635 top1=0.270 topK=0.805 gnorm=1.77
epoch 07 (119.4s): loss=2.726 pol=2.579 val=0.1470 top1=0.296 topK=0.798 H(tgt)=1.54 gnorm=1.77
  [b 189/948] loss=2.627 pol=2.529 val=0.0981 top1=0.297 topK=0.812 gnorm=1.48
  [train] ep8/30 b200/948 loss=2.722 top1=0.297 topK=0.805 gnorm=1.48 gpu_mb=401 t=1912s
  [b 378/948] loss=2.644 pol=2.502 val=0.1416 top1=0.379 topK=0.820 gnorm=1.46
  [train] ep8/30 b450/948 loss=2.751 top1=0.277 topK=0.797 gnorm=1.46 gpu_mb=401 t=1944s
  [b 567/948] loss=2.663 pol=2.499 val=0.1641 top1=0.352 topK=0.824 gnorm=1.41
  [train] ep8/30 b700/948 loss=2.726 top1=0.227 topK=0.809 gnorm=1.41 gpu_mb=401 t=1975s
  [b 756/948] loss=2.770 pol=2.599 val=0.1705 top1=0.305 topK=0.777 gnorm=1.99
  [b 945/948] loss=2.640 pol=2.481 val=0.1590 top1=0.328 topK=0.852 gnorm=1.55
  [train] ep8/30 b900/948 loss=2.606 top1=0.312 topK=0.805 gnorm=1.99 gpu_mb=401 t=2001s
  [b 948/948] loss=2.641 pol=2.530 val=0.1103 top1=0.262 topK=0.793 gnorm=1.28
epoch 08 (119.4s): loss=2.682 pol=2.549 val=0.1332 top1=0.304 topK=0.809 H(tgt)=1.54 gnorm=1.28
  [b 189/948] loss=2.651 pol=2.554 val=0.0973 top1=0.324 topK=0.863 gnorm=1.42
  [train] ep9/30 b200/948 loss=2.615 top1=0.312 topK=0.820 gnorm=1.42 gpu_mb=401 t=2032s
  [b 378/948] loss=2.666 pol=2.551 val=0.1155 top1=0.285 topK=0.801 gnorm=1.50
  [train] ep9/30 b450/948 loss=2.681 top1=0.293 topK=0.781 gnorm=1.50 gpu_mb=401 t=2063s
  [b 567/948] loss=2.641 pol=2.520 val=0.1202 top1=0.328 topK=0.805 gnorm=1.37
  [train] ep9/30 b700/948 loss=2.606 top1=0.297 topK=0.797 gnorm=1.37 gpu_mb=401 t=2095s
  [b 756/948] loss=2.732 pol=2.604 val=0.1276 top1=0.277 topK=0.766 gnorm=1.51
  [b 945/948] loss=2.715 pol=2.591 val=0.1232 top1=0.289 topK=0.832 gnorm=1.67
  [b 948/948] loss=2.651 pol=2.543 val=0.1084 top1=0.293 topK=0.832 gnorm=1.48
epoch 09 (119.4s): loss=2.645 pol=2.523 val=0.1217 top1=0.313 topK=0.818 H(tgt)=1.54 gnorm=1.48
  saved checkpoints/run02_30ep/distilled_epoch009.pt
  [train] ep9/30 b948/948 loss=2.651 top1=0.293 topK=0.832 gnorm=1.48 gpu_mb=401 t=2126s
  [b 189/948] loss=2.565 pol=2.486 val=0.0786 top1=0.320 topK=0.820 gnorm=1.26
  [train] ep10/30 b200/948 loss=2.559 top1=0.359 topK=0.844 gnorm=1.26 gpu_mb=401 t=2151s
  [b 378/948] loss=2.566 pol=2.438 val=0.1278 top1=0.348 topK=0.836 gnorm=1.52
  [train] ep10/30 b450/948 loss=2.634 top1=0.344 topK=0.805 gnorm=1.52 gpu_mb=401 t=2183s
  [b 567/948] loss=2.639 pol=2.535 val=0.1035 top1=0.344 topK=0.832 gnorm=1.42
  [train] ep10/30 b700/948 loss=2.777 top1=0.281 topK=0.793 gnorm=1.42 gpu_mb=401 t=2214s
  [b 756/948] loss=2.680 pol=2.569 val=0.1110 top1=0.332 topK=0.816 gnorm=1.40
  [b 945/948] loss=2.683 pol=2.577 val=0.1062 top1=0.289 topK=0.836 gnorm=1.44
  [b 948/948] loss=2.599 pol=2.484 val=0.1143 top1=0.301 topK=0.797 gnorm=1.47
epoch 10 (119.4s): loss=2.613 pol=2.502 val=0.1111 top1=0.319 topK=0.824 H(tgt)=1.54 gnorm=1.47
  [train] ep10/30 b948/948 loss=2.599 top1=0.301 topK=0.797 gnorm=1.47 gpu_mb=401 t=2245s
  [b 189/948] loss=2.611 pol=2.524 val=0.0867 top1=0.320 topK=0.832 gnorm=1.34
  [train] ep11/30 b200/948 loss=2.463 top1=0.352 topK=0.875 gnorm=1.34 gpu_mb=401 t=2271s
  [b 378/948] loss=2.546 pol=2.452 val=0.0939 top1=0.301 topK=0.836 gnorm=1.29
  [train] ep11/30 b450/948 loss=2.605 top1=0.352 topK=0.852 gnorm=1.29 gpu_mb=401 t=2302s
  [b 567/948] loss=2.597 pol=2.458 val=0.1390 top1=0.375 topK=0.820 gnorm=1.75
  [train] ep11/30 b700/948 loss=2.636 top1=0.344 topK=0.836 gnorm=1.75 gpu_mb=401 t=2334s
  [b 756/948] loss=2.603 pol=2.473 val=0.1293 top1=0.320 topK=0.844 gnorm=1.40
  [b 945/948] loss=2.619 pol=2.536 val=0.0832 top1=0.293 topK=0.789 gnorm=1.37
  [b 948/948] loss=2.594 pol=2.510 val=0.0840 top1=0.359 topK=0.820 gnorm=1.26
epoch 11 (119.4s): loss=2.586 pol=2.483 val=0.1032 top1=0.325 topK=0.829 H(tgt)=1.54 gnorm=1.26
  [train] ep11/30 b948/948 loss=2.594 top1=0.359 topK=0.820 gnorm=1.26 gpu_mb=401 t=2365s
  [b 189/948] loss=2.549 pol=2.447 val=0.1017 top1=0.336 topK=0.836 gnorm=1.29
  [train] ep12/30 b250/948 loss=2.504 top1=0.344 topK=0.867 gnorm=1.29 gpu_mb=401 t=2396s
  [b 378/948] loss=2.605 pol=2.523 val=0.0824 top1=0.281 topK=0.766 gnorm=1.49
  [train] ep12/30 b450/948 loss=2.554 top1=0.352 topK=0.828 gnorm=1.49 gpu_mb=401 t=2421s
  [b 567/948] loss=2.510 pol=2.439 val=0.0711 top1=0.340 topK=0.848 gnorm=1.41
  [train] ep12/30 b700/948 loss=2.556 top1=0.262 topK=0.812 gnorm=1.41 gpu_mb=401 t=2453s
  [b 756/948] loss=2.609 pol=2.502 val=0.1068 top1=0.301 topK=0.785 gnorm=1.39
  [b 945/948] loss=2.613 pol=2.516 val=0.0968 top1=0.312 topK=0.805 gnorm=1.46
  [b 948/948] loss=2.676 pol=2.606 val=0.0708 top1=0.297 topK=0.832 gnorm=1.29
epoch 12 (119.4s): loss=2.562 pol=2.464 val=0.0974 top1=0.331 topK=0.835 H(tgt)=1.54 gnorm=1.29
  [train] ep12/30 b948/948 loss=2.676 top1=0.297 topK=0.832 gnorm=1.29 gpu_mb=401 t=2484s
  [b 189/948] loss=2.443 pol=2.367 val=0.0761 top1=0.363 topK=0.820 gnorm=1.36
  [train] ep13/30 b250/948 loss=2.484 top1=0.309 topK=0.797 gnorm=1.36 gpu_mb=401 t=2516s
  [b 378/948] loss=2.467 pol=2.382 val=0.0852 top1=0.324 topK=0.852 gnorm=1.39
  [train] ep13/30 b500/948 loss=2.555 top1=0.371 topK=0.820 gnorm=1.39 gpu_mb=401 t=2547s
  [b 567/948] loss=2.544 pol=2.435 val=0.1091 top1=0.363 topK=0.816 gnorm=1.53
  [train] ep13/30 b700/948 loss=2.551 top1=0.316 topK=0.859 gnorm=1.53 gpu_mb=401 t=2572s
  [b 756/948] loss=2.604 pol=2.508 val=0.0964 top1=0.344 topK=0.812 gnorm=1.24
  [b 945/948] loss=2.579 pol=2.482 val=0.0976 top1=0.336 topK=0.836 gnorm=1.38
  [b 948/948] loss=2.588 pol=2.492 val=0.0953 top1=0.305 topK=0.836 gnorm=1.59
epoch 13 (119.4s): loss=2.540 pol=2.450 val=0.0895 top1=0.335 topK=0.841 H(tgt)=1.54 gnorm=1.59
  [train] ep13/30 b948/948 loss=2.588 top1=0.305 topK=0.836 gnorm=1.59 gpu_mb=401 t=2604s
  [b 189/948] loss=2.472 pol=2.394 val=0.0776 top1=0.332 topK=0.863 gnorm=1.35
  [train] ep14/30 b250/948 loss=2.407 top1=0.383 topK=0.859 gnorm=1.35 gpu_mb=401 t=2635s
  [b 378/948] loss=2.514 pol=2.446 val=0.0671 top1=0.320 topK=0.832 gnorm=1.40
  [train] ep14/30 b500/948 loss=2.591 top1=0.336 topK=0.859 gnorm=1.40 gpu_mb=401 t=2667s
  [b 567/948] loss=2.462 pol=2.364 val=0.0983 top1=0.371 topK=0.852 gnorm=1.59
  [train] ep14/30 b700/948 loss=2.481 top1=0.375 topK=0.863 gnorm=1.59 gpu_mb=401 t=2692s
  [b 756/948] loss=2.588 pol=2.491 val=0.0971 top1=0.281 topK=0.832 gnorm=1.64
  [b 945/948] loss=2.559 pol=2.487 val=0.0727 top1=0.301 topK=0.840 gnorm=1.58
  [b 948/948] loss=2.502 pol=2.433 val=0.0689 top1=0.332 topK=0.797 gnorm=1.32
epoch 14 (119.4s): loss=2.525 pol=2.439 val=0.0862 top1=0.339 topK=0.843 H(tgt)=1.54 gnorm=1.32
  saved checkpoints/run02_30ep/distilled_epoch014.pt
  [train] ep14/30 b948/948 loss=2.502 top1=0.332 topK=0.797 gnorm=1.32 gpu_mb=401 t=2723s
  [b 189/948] loss=2.457 pol=2.394 val=0.0630 top1=0.324 topK=0.832 gnorm=1.18
  [train] ep15/30 b250/948 loss=2.389 top1=0.375 topK=0.863 gnorm=1.18 gpu_mb=401 t=2755s
  [b 378/948] loss=2.588 pol=2.504 val=0.0836 top1=0.328 topK=0.848 gnorm=1.34
  [train] ep15/30 b500/948 loss=2.428 top1=0.348 topK=0.824 gnorm=1.34 gpu_mb=401 t=2786s
  [b 567/948] loss=2.489 pol=2.435 val=0.0537 top1=0.336 topK=0.809 gnorm=1.17
  [train] ep15/30 b750/948 loss=2.571 top1=0.312 topK=0.824 gnorm=1.17 gpu_mb=401 t=2817s
  [b 756/948] loss=2.506 pol=2.403 val=0.1029 top1=0.379 topK=0.844 gnorm=1.63
  [b 945/948] loss=2.540 pol=2.437 val=0.1027 top1=0.340 topK=0.883 gnorm=1.40
  [b 948/948] loss=2.599 pol=2.507 val=0.0923 top1=0.324 topK=0.836 gnorm=1.63
epoch 15 (119.4s): loss=2.508 pol=2.428 val=0.0801 top1=0.342 topK=0.847 H(tgt)=1.54 gnorm=1.63
  [train] ep15/30 b948/948 loss=2.599 top1=0.324 topK=0.836 gnorm=1.63 gpu_mb=401 t=2842s
  [b 189/948] loss=2.408 pol=2.348 val=0.0596 top1=0.383 topK=0.855 gnorm=1.27
  [train] ep16/30 b250/948 loss=2.430 top1=0.363 topK=0.863 gnorm=1.27 gpu_mb=401 t=2874s
  [b 378/948] loss=2.503 pol=2.422 val=0.0812 top1=0.340 topK=0.859 gnorm=1.47
  [train] ep16/30 b500/948 loss=2.482 top1=0.340 topK=0.836 gnorm=1.47 gpu_mb=401 t=2905s
  [b 567/948] loss=2.506 pol=2.446 val=0.0599 top1=0.312 topK=0.844 gnorm=1.27
  [b 756/948] loss=2.473 pol=2.404 val=0.0691 top1=0.348 topK=0.871 gnorm=1.29
  [train] ep16/30 b750/948 loss=2.550 top1=0.375 topK=0.812 gnorm=1.27 gpu_mb=401 t=2937s
  [b 945/948] loss=2.574 pol=2.514 val=0.0597 top1=0.273 topK=0.785 gnorm=1.23
  [b 948/948] loss=2.549 pol=2.458 val=0.0910 top1=0.305 topK=0.793 gnorm=1.30
epoch 16 (119.4s): loss=2.495 pol=2.419 val=0.0766 top1=0.343 topK=0.849 H(tgt)=1.54 gnorm=1.30
  [train] ep16/30 b948/948 loss=2.549 top1=0.305 topK=0.793 gnorm=1.30 gpu_mb=401 t=2962s
  [b 189/948] loss=2.429 pol=2.351 val=0.0787 top1=0.359 topK=0.863 gnorm=1.48
  [train] ep17/30 b250/948 loss=2.510 top1=0.340 topK=0.816 gnorm=1.48 gpu_mb=401 t=2993s
  [b 378/948] loss=2.449 pol=2.401 val=0.0484 top1=0.312 topK=0.859 gnorm=1.35
  [train] ep17/30 b500/948 loss=2.386 top1=0.363 topK=0.852 gnorm=1.35 gpu_mb=401 t=3025s
  [b 567/948] loss=2.565 pol=2.427 val=0.1377 top1=0.328 topK=0.859 gnorm=1.71
  [b 756/948] loss=2.401 pol=2.353 val=0.0487 top1=0.340 topK=0.828 gnorm=1.28
  [train] ep17/30 b750/948 loss=2.464 top1=0.328 topK=0.840 gnorm=1.71 gpu_mb=401 t=3056s
  [b 945/948] loss=2.444 pol=2.381 val=0.0624 top1=0.344 topK=0.867 gnorm=1.30
  [b 948/948] loss=2.511 pol=2.422 val=0.0890 top1=0.320 topK=0.840 gnorm=1.93
epoch 17 (119.4s): loss=2.481 pol=2.409 val=0.0718 top1=0.348 topK=0.852 H(tgt)=1.54 gnorm=1.93
  [train] ep18/30 b50/948 loss=2.431 top1=0.355 topK=0.895 gnorm=0.00 gpu_mb=401 t=3087s
  [b 189/948] loss=2.349 pol=2.286 val=0.0628 top1=0.418 topK=0.852 gnorm=1.35
  [train] ep18/30 b250/948 loss=2.433 top1=0.340 topK=0.859 gnorm=1.35 gpu_mb=401 t=3113s
  [b 378/948] loss=2.609 pol=2.497 val=0.1118 top1=0.348 topK=0.863 gnorm=1.51
  [train] ep18/30 b500/948 loss=2.452 top1=0.328 topK=0.875 gnorm=1.51 gpu_mb=401 t=3144s
  [b 567/948] loss=2.427 pol=2.318 val=0.1089 top1=0.367 topK=0.855 gnorm=1.72
  [b 756/948] loss=2.555 pol=2.462 val=0.0930 top1=0.324 topK=0.887 gnorm=1.72
  [train] ep18/30 b750/948 loss=2.551 top1=0.297 topK=0.852 gnorm=1.72 gpu_mb=401 t=3176s
  [b 945/948] loss=2.599 pol=2.515 val=0.0841 top1=0.328 topK=0.828 gnorm=1.61
  [b 948/948] loss=2.444 pol=2.362 val=0.0815 top1=0.375 topK=0.875 gnorm=1.49
epoch 18 (119.3s): loss=2.470 pol=2.400 val=0.0701 top1=0.351 topK=0.855 H(tgt)=1.54 gnorm=1.49
  [train] ep19/30 b50/948 loss=2.331 top1=0.363 topK=0.852 gnorm=0.00 gpu_mb=401 t=3207s
  [b 189/948] loss=2.496 pol=2.443 val=0.0534 top1=0.348 topK=0.879 gnorm=1.20
  [train] ep19/30 b250/948 loss=2.536 top1=0.316 topK=0.867 gnorm=1.20 gpu_mb=401 t=3232s
  [b 378/948] loss=2.469 pol=2.410 val=0.0588 top1=0.348 topK=0.816 gnorm=1.64
  [train] ep19/30 b500/948 loss=2.511 top1=0.340 topK=0.883 gnorm=1.64 gpu_mb=401 t=3263s
  [b 567/948] loss=2.555 pol=2.474 val=0.0813 top1=0.367 topK=0.867 gnorm=1.54
  [b 756/948] loss=2.531 pol=2.463 val=0.0673 top1=0.336 topK=0.836 gnorm=1.39
  [train] ep19/30 b750/948 loss=2.495 top1=0.363 topK=0.836 gnorm=1.54 gpu_mb=401 t=3295s
  [b 945/948] loss=2.539 pol=2.454 val=0.0850 top1=0.324 topK=0.816 gnorm=1.37
  [b 948/948] loss=2.585 pol=2.503 val=0.0818 top1=0.270 topK=0.840 gnorm=1.37
epoch 19 (119.3s): loss=2.461 pol=2.394 val=0.0664 top1=0.353 topK=0.856 H(tgt)=1.54 gnorm=1.37
  saved checkpoints/run02_30ep/distilled_epoch019.pt
  [train] ep20/30 b50/948 loss=2.343 top1=0.391 topK=0.875 gnorm=0.00 gpu_mb=401 t=3326s
  [b 189/948] loss=2.321 pol=2.269 val=0.0528 top1=0.367 topK=0.906 gnorm=1.55
  [train] ep20/30 b300/948 loss=2.335 top1=0.375 topK=0.883 gnorm=1.55 gpu_mb=401 t=3358s
  [b 378/948] loss=2.416 pol=2.375 val=0.0406 top1=0.352 topK=0.824 gnorm=1.21
  [train] ep20/30 b500/948 loss=2.485 top1=0.340 topK=0.867 gnorm=1.21 gpu_mb=401 t=3383s
  [b 567/948] loss=2.435 pol=2.378 val=0.0565 top1=0.379 topK=0.852 gnorm=1.29
  [b 756/948] loss=2.432 pol=2.367 val=0.0644 top1=0.344 topK=0.812 gnorm=1.46
  [train] ep20/30 b750/948 loss=2.590 top1=0.281 topK=0.852 gnorm=1.29 gpu_mb=401 t=3414s
  [b 945/948] loss=2.398 pol=2.332 val=0.0660 top1=0.336 topK=0.836 gnorm=1.33
  [b 948/948] loss=2.495 pol=2.439 val=0.0560 top1=0.312 topK=0.836 gnorm=1.67
epoch 20 (119.3s): loss=2.453 pol=2.389 val=0.0645 top1=0.353 topK=0.858 H(tgt)=1.54 gnorm=1.67
  [train] ep21/30 b50/948 loss=2.452 top1=0.344 topK=0.871 gnorm=0.00 gpu_mb=401 t=3446s
  [b 189/948] loss=2.389 pol=2.336 val=0.0529 top1=0.359 topK=0.867 gnorm=1.37
  [train] ep21/30 b300/948 loss=2.492 top1=0.332 topK=0.871 gnorm=1.37 gpu_mb=401 t=3477s
  [b 378/948] loss=2.384 pol=2.323 val=0.0611 top1=0.355 topK=0.871 gnorm=1.41
  [train] ep21/30 b500/948 loss=2.423 top1=0.371 topK=0.891 gnorm=1.41 gpu_mb=401 t=3502s
  [b 567/948] loss=2.429 pol=2.368 val=0.0610 top1=0.391 topK=0.879 gnorm=1.77
  [b 756/948] loss=2.444 pol=2.355 val=0.0887 top1=0.359 topK=0.922 gnorm=1.58
  [train] ep21/30 b750/948 loss=2.485 top1=0.332 topK=0.844 gnorm=1.77 gpu_mb=401 t=3534s
  [b 945/948] loss=2.490 pol=2.450 val=0.0403 top1=0.355 topK=0.840 gnorm=1.23
  [b 948/948] loss=2.464 pol=2.412 val=0.0523 top1=0.332 topK=0.852 gnorm=1.32
epoch 21 (119.3s): loss=2.443 pol=2.381 val=0.0620 top1=0.356 topK=0.861 H(tgt)=1.54 gnorm=1.32
  [train] ep22/30 b50/948 loss=2.382 top1=0.352 topK=0.879 gnorm=0.00 gpu_mb=401 t=3565s
  [b 189/948] loss=2.339 pol=2.292 val=0.0474 top1=0.441 topK=0.906 gnorm=1.28
  [train] ep22/30 b300/948 loss=2.336 top1=0.355 topK=0.891 gnorm=1.28 gpu_mb=401 t=3596s
  [b 378/948] loss=2.403 pol=2.351 val=0.0524 top1=0.352 topK=0.840 gnorm=1.29
  [train] ep22/30 b550/948 loss=2.469 top1=0.336 topK=0.832 gnorm=1.29 gpu_mb=401 t=3628s
  [b 567/948] loss=2.395 pol=2.318 val=0.0770 top1=0.395 topK=0.863 gnorm=1.40
  [b 756/948] loss=2.387 pol=2.313 val=0.0736 top1=0.375 topK=0.883 gnorm=1.73
  [train] ep22/30 b750/948 loss=2.491 top1=0.328 topK=0.848 gnorm=1.40 gpu_mb=401 t=3653s
  [b 945/948] loss=2.594 pol=2.528 val=0.0662 top1=0.328 topK=0.832 gnorm=1.31
  [b 948/948] loss=2.493 pol=2.400 val=0.0931 top1=0.316 topK=0.836 gnorm=1.52
epoch 22 (119.3s): loss=2.437 pol=2.376 val=0.0604 top1=0.358 topK=0.862 H(tgt)=1.54 gnorm=1.52
  [train] ep23/30 b50/948 loss=2.290 top1=0.418 topK=0.895 gnorm=0.00 gpu_mb=401 t=3684s
  [b 189/948] loss=2.422 pol=2.376 val=0.0460 top1=0.355 topK=0.859 gnorm=1.32
  [train] ep23/30 b300/948 loss=2.435 top1=0.359 topK=0.879 gnorm=1.32 gpu_mb=401 t=3716s
  [b 378/948] loss=2.357 pol=2.301 val=0.0562 top1=0.359 topK=0.875 gnorm=1.43
  [train] ep23/30 b550/948 loss=2.506 top1=0.293 topK=0.855 gnorm=1.43 gpu_mb=401 t=3747s
  [b 567/948] loss=2.498 pol=2.443 val=0.0548 top1=0.367 topK=0.855 gnorm=1.17
  [b 756/948] loss=2.425 pol=2.356 val=0.0697 top1=0.348 topK=0.844 gnorm=1.33
  [train] ep23/30 b750/948 loss=2.367 top1=0.371 topK=0.863 gnorm=1.17 gpu_mb=401 t=3772s
  [b 945/948] loss=2.536 pol=2.477 val=0.0593 top1=0.324 topK=0.848 gnorm=1.36
  [b 948/948] loss=2.541 pol=2.479 val=0.0622 top1=0.301 topK=0.836 gnorm=1.49
epoch 23 (119.4s): loss=2.428 pol=2.370 val=0.0570 top1=0.360 topK=0.863 H(tgt)=1.54 gnorm=1.49
  [train] ep24/30 b50/948 loss=2.406 top1=0.359 topK=0.867 gnorm=0.00 gpu_mb=401 t=3804s
  [b 189/948] loss=2.409 pol=2.372 val=0.0368 top1=0.387 topK=0.855 gnorm=1.29
  [train] ep24/30 b300/948 loss=2.367 top1=0.391 topK=0.902 gnorm=1.29 gpu_mb=401 t=3835s
  [b 378/948] loss=2.374 pol=2.319 val=0.0551 top1=0.391 topK=0.863 gnorm=1.35
  [b 567/948] loss=2.454 pol=2.394 val=0.0600 top1=0.309 topK=0.891 gnorm=1.34
  [train] ep24/30 b550/948 loss=2.368 top1=0.379 topK=0.863 gnorm=1.35 gpu_mb=401 t=3867s
  [b 756/948] loss=2.389 pol=2.351 val=0.0374 top1=0.367 topK=0.852 gnorm=1.24
  [train] ep24/30 b800/948 loss=2.511 top1=0.320 topK=0.879 gnorm=1.24 gpu_mb=401 t=3898s
  [b 945/948] loss=2.452 pol=2.413 val=0.0390 top1=0.316 topK=0.867 gnorm=1.29
  [b 948/948] loss=2.456 pol=2.399 val=0.0564 top1=0.398 topK=0.863 gnorm=1.71
epoch 24 (119.3s): loss=2.423 pol=2.366 val=0.0568 top1=0.360 topK=0.864 H(tgt)=1.54 gnorm=1.71
  saved checkpoints/run02_30ep/distilled_epoch024.pt
  [train] ep25/30 b50/948 loss=2.351 top1=0.398 topK=0.906 gnorm=0.00 gpu_mb=401 t=3923s
  [b 189/948] loss=2.383 pol=2.337 val=0.0461 top1=0.355 topK=0.871 gnorm=1.29
  [train] ep25/30 b300/948 loss=2.452 top1=0.371 topK=0.883 gnorm=1.29 gpu_mb=401 t=3955s
  [b 378/948] loss=2.348 pol=2.291 val=0.0578 top1=0.422 topK=0.883 gnorm=1.51
  [b 567/948] loss=2.482 pol=2.414 val=0.0681 top1=0.344 topK=0.879 gnorm=1.54
  [train] ep25/30 b550/948 loss=2.415 top1=0.410 topK=0.875 gnorm=1.51 gpu_mb=401 t=3986s
  [b 756/948] loss=2.457 pol=2.396 val=0.0607 top1=0.344 topK=0.879 gnorm=1.43
  [train] ep25/30 b800/948 loss=2.425 top1=0.371 topK=0.875 gnorm=1.43 gpu_mb=401 t=4018s
  [b 945/948] loss=2.439 pol=2.372 val=0.0664 top1=0.367 topK=0.875 gnorm=1.40
  [b 948/948] loss=2.528 pol=2.472 val=0.0565 top1=0.355 topK=0.812 gnorm=1.30
epoch 25 (119.4s): loss=2.416 pol=2.362 val=0.0546 top1=0.362 topK=0.866 H(tgt)=1.54 gnorm=1.30
  [train] ep26/30 b100/948 loss=2.448 top1=0.355 topK=0.891 gnorm=0.00 gpu_mb=401 t=4049s
  [b 189/948] loss=2.461 pol=2.415 val=0.0460 top1=0.336 topK=0.863 gnorm=1.33
  [train] ep26/30 b300/948 loss=2.357 top1=0.395 topK=0.879 gnorm=1.33 gpu_mb=401 t=4074s
  [b 378/948] loss=2.436 pol=2.391 val=0.0445 top1=0.355 topK=0.895 gnorm=1.31
  [b 567/948] loss=2.489 pol=2.428 val=0.0610 top1=0.316 topK=0.883 gnorm=1.78
  [train] ep26/30 b550/948 loss=2.378 top1=0.371 topK=0.863 gnorm=1.31 gpu_mb=401 t=4105s
  [b 756/948] loss=2.559 pol=2.461 val=0.0987 top1=0.324 topK=0.828 gnorm=1.87
  [train] ep26/30 b800/948 loss=2.593 top1=0.320 topK=0.840 gnorm=1.87 gpu_mb=401 t=4137s
  [b 945/948] loss=2.384 pol=2.337 val=0.0477 top1=0.355 topK=0.840 gnorm=1.36
  [b 948/948] loss=2.378 pol=2.326 val=0.0525 top1=0.387 topK=0.891 gnorm=1.27
epoch 26 (119.4s): loss=2.413 pol=2.359 val=0.0543 top1=0.362 topK=0.867 H(tgt)=1.54 gnorm=1.27
  [train] ep27/30 b100/948 loss=2.375 top1=0.379 topK=0.887 gnorm=0.00 gpu_mb=401 t=4168s
  [b 189/948] loss=2.393 pol=2.352 val=0.0401 top1=0.406 topK=0.871 gnorm=1.46
  [train] ep27/30 b300/948 loss=2.360 top1=0.406 topK=0.906 gnorm=1.46 gpu_mb=401 t=4193s
  [b 378/948] loss=2.337 pol=2.292 val=0.0450 top1=0.383 topK=0.906 gnorm=1.30
  [b 567/948] loss=2.406 pol=2.370 val=0.0363 top1=0.367 topK=0.883 gnorm=1.21
  [train] ep27/30 b550/948 loss=2.418 top1=0.367 topK=0.867 gnorm=1.30 gpu_mb=401 t=4225s
  [b 756/948] loss=2.457 pol=2.414 val=0.0431 top1=0.340 topK=0.855 gnorm=1.14
  [train] ep27/30 b800/948 loss=2.404 top1=0.316 topK=0.855 gnorm=1.14 gpu_mb=401 t=4256s
  [b 945/948] loss=2.373 pol=2.325 val=0.0482 top1=0.348 topK=0.805 gnorm=1.36
  [b 948/948] loss=2.535 pol=2.469 val=0.0656 top1=0.309 topK=0.809 gnorm=1.57
epoch 27 (119.4s): loss=2.405 pol=2.353 val=0.0519 top1=0.366 topK=0.868 H(tgt)=1.54 gnorm=1.57
  [train] ep28/30 b100/948 loss=2.281 top1=0.383 topK=0.898 gnorm=0.00 gpu_mb=401 t=4287s
  [b 189/948] loss=2.398 pol=2.333 val=0.0653 top1=0.391 topK=0.871 gnorm=1.27
  [train] ep28/30 b350/948 loss=2.337 top1=0.395 topK=0.879 gnorm=1.27 gpu_mb=401 t=4319s
  [b 378/948] loss=2.372 pol=2.330 val=0.0416 top1=0.375 topK=0.902 gnorm=1.55
  [b 567/948] loss=2.387 pol=2.345 val=0.0421 top1=0.395 topK=0.871 gnorm=1.31
  [train] ep28/30 b550/948 loss=2.329 top1=0.363 topK=0.891 gnorm=1.55 gpu_mb=401 t=4344s
  [b 756/948] loss=2.470 pol=2.439 val=0.0307 top1=0.320 topK=0.879 gnorm=1.20
  [train] ep28/30 b800/948 loss=2.531 top1=0.309 topK=0.824 gnorm=1.20 gpu_mb=401 t=4376s
  [b 945/948] loss=2.489 pol=2.438 val=0.0504 top1=0.320 topK=0.816 gnorm=1.68
  [b 948/948] loss=2.573 pol=2.497 val=0.0760 top1=0.328 topK=0.871 gnorm=1.32
epoch 28 (119.4s): loss=2.399 pol=2.349 val=0.0504 top1=0.366 topK=0.870 H(tgt)=1.54 gnorm=1.32
  [train] ep29/30 b100/948 loss=2.298 top1=0.359 topK=0.871 gnorm=0.00 gpu_mb=401 t=4407s
  [b 189/948] loss=2.358 pol=2.332 val=0.0258 top1=0.410 topK=0.844 gnorm=1.14
  [train] ep29/30 b350/948 loss=2.279 top1=0.363 topK=0.887 gnorm=1.14 gpu_mb=401 t=4438s
  [b 378/948] loss=2.361 pol=2.315 val=0.0459 top1=0.355 topK=0.875 gnorm=1.22
  [b 567/948] loss=2.482 pol=2.419 val=0.0626 top1=0.336 topK=0.859 gnorm=1.45
  [train] ep29/30 b550/948 loss=2.391 top1=0.289 topK=0.863 gnorm=1.22 gpu_mb=401 t=4463s
  [b 756/948] loss=2.545 pol=2.501 val=0.0440 top1=0.309 topK=0.852 gnorm=1.36
  [train] ep29/30 b800/948 loss=2.445 top1=0.312 topK=0.832 gnorm=1.36 gpu_mb=401 t=4495s
  [b 945/948] loss=2.421 pol=2.367 val=0.0537 top1=0.301 topK=0.855 gnorm=1.42
  [b 948/948] loss=2.532 pol=2.473 val=0.0596 top1=0.340 topK=0.820 gnorm=1.55
epoch 29 (119.4s): loss=2.396 pol=2.346 val=0.0497 top1=0.367 topK=0.870 H(tgt)=1.54 gnorm=1.55
  saved checkpoints/run02_30ep/distilled_epoch029.pt
=== Phase 2 wall: 4522s ===

=== Phase 3a: 120g vs SF1350 @ 800 sims on A10G | Tue May 12 12:57:04 UTC 2026 ===
agent: checkpoints/run02_30ep/distilled_epoch029.pt (sims=800, K=8, net=20x256)
opponent: Stockfish elo=1350 skill=None depth=8
workers: 8 × 15 = 120 games
progress files: checkpoints/run02_30ep/.eval_progress_wNN.json
  [12:57:34] eval 0/120 games (0.0%)  rate=0.0 games/min  workers_done=0/8  eta=—
  [12:58:04] eval 1/120 games (0.8%)  rate=9.3 games/min  workers_done=0/8  eta=13min
  [12:58:34] eval 1/120 games (0.8%)  rate=9.3 games/min  workers_done=0/8  eta=13min
  [12:59:04] eval 3/120 games (2.5%)  rate=6.3 games/min  workers_done=0/8  eta=19min
  [12:59:34] eval 6/120 games (5.0%)  rate=5.0 games/min  workers_done=0/8  eta=23min
  [13:00:04] eval 6/120 games (5.0%)  rate=5.0 games/min  workers_done=0/8  eta=23min
  [13:00:34] eval 9/120 games (7.5%)  rate=4.2 games/min  workers_done=0/8  eta=27min
  [13:01:04] eval 9/120 games (7.5%)  rate=4.2 games/min  workers_done=0/8  eta=27min
  [13:01:34] eval 13/120 games (10.8%)  rate=4.0 games/min  workers_done=0/8  eta=27min
  [13:02:04] eval 13/120 games (10.8%)  rate=4.0 games/min  workers_done=0/8  eta=27min
  [13:02:35] eval 16/120 games (13.3%)  rate=3.7 games/min  workers_done=0/8  eta=28min
  [13:03:05] eval 18/120 games (15.0%)  rate=3.7 games/min  workers_done=0/8  eta=28min
  [13:03:35] eval 20/120 games (16.7%)  rate=3.6 games/min  workers_done=0/8  eta=28min
  [13:04:05] eval 24/120 games (20.0%)  rate=3.8 games/min  workers_done=0/8  eta=25min
  [13:04:35] eval 24/120 games (20.0%)  rate=3.8 games/min  workers_done=0/8  eta=25min
  [13:05:05] eval 26/120 games (21.7%)  rate=3.8 games/min  workers_done=0/8  eta=24min
  [13:05:35] eval 29/120 games (24.2%)  rate=3.9 games/min  workers_done=0/8  eta=23min
  [13:06:05] eval 30/120 games (25.0%)  rate=3.9 games/min  workers_done=0/8  eta=23min
  [13:06:35] eval 31/120 games (25.8%)  rate=3.8 games/min  workers_done=0/8  eta=23min
  [13:07:05] eval 32/120 games (26.7%)  rate=3.8 games/min  workers_done=0/8  eta=23min
  [13:07:35] eval 35/120 games (29.2%)  rate=3.7 games/min  workers_done=0/8  eta=23min
  [13:08:05] eval 38/120 games (31.7%)  rate=3.7 games/min  workers_done=0/8  eta=22min
  [13:08:35] eval 39/120 games (32.5%)  rate=3.7 games/min  workers_done=0/8  eta=22min
  [13:09:05] eval 40/120 games (33.3%)  rate=3.7 games/min  workers_done=0/8  eta=21min
  [13:09:35] eval 42/120 games (35.0%)  rate=3.8 games/min  workers_done=0/8  eta=21min
  [13:10:06] eval 43/120 games (35.8%)  rate=3.8 games/min  workers_done=0/8  eta=20min
  [13:10:36] eval 44/120 games (36.7%)  rate=3.7 games/min  workers_done=0/8  eta=20min
  [13:11:06] eval 44/120 games (36.7%)  rate=3.7 games/min  workers_done=0/8  eta=20min
  [13:11:36] eval 47/120 games (39.2%)  rate=3.7 games/min  workers_done=0/8  eta=20min
  [13:12:06] eval 50/120 games (41.7%)  rate=3.5 games/min  workers_done=0/8  eta=20min
  [13:12:36] eval 53/120 games (44.2%)  rate=3.6 games/min  workers_done=0/8  eta=19min
  [13:13:06] eval 55/120 games (45.8%)  rate=3.7 games/min  workers_done=0/8  eta=18min
  [13:13:36] eval 55/120 games (45.8%)  rate=3.7 games/min  workers_done=0/8  eta=18min
  [13:14:06] eval 57/120 games (47.5%)  rate=3.7 games/min  workers_done=0/8  eta=17min
  [13:14:36] eval 58/120 games (48.3%)  rate=3.6 games/min  workers_done=0/8  eta=17min
  [13:15:06] eval 60/120 games (50.0%)  rate=3.6 games/min  workers_done=0/8  eta=17min
  [13:15:36] eval 63/120 games (52.5%)  rate=3.6 games/min  workers_done=0/8  eta=16min
  [13:16:06] eval 63/120 games (52.5%)  rate=3.6 games/min  workers_done=0/8  eta=16min
  [13:16:36] eval 65/120 games (54.2%)  rate=3.6 games/min  workers_done=0/8  eta=15min
  [13:17:06] eval 66/120 games (55.0%)  rate=3.6 games/min  workers_done=0/8  eta=15min
  [13:17:37] eval 67/120 games (55.8%)  rate=3.6 games/min  workers_done=0/8  eta=15min
  [13:18:07] eval 71/120 games (59.2%)  rate=3.6 games/min  workers_done=0/8  eta=14min
  [13:18:37] eval 74/120 games (61.7%)  rate=3.6 games/min  workers_done=0/8  eta=13min
  [13:19:07] eval 76/120 games (63.3%)  rate=3.6 games/min  workers_done=0/8  eta=12min
  [13:19:37] eval 79/120 games (65.8%)  rate=3.7 games/min  workers_done=0/8  eta=11min
  [13:20:07] eval 81/120 games (67.5%)  rate=3.6 games/min  workers_done=0/8  eta=11min
  [13:20:37] eval 82/120 games (68.3%)  rate=3.7 games/min  workers_done=0/8  eta=10min
  [13:21:07] eval 84/120 games (70.0%)  rate=3.7 games/min  workers_done=0/8  eta=10min
  [13:21:37] eval 87/120 games (72.5%)  rate=3.7 games/min  workers_done=0/8  eta=9min
  [13:22:07] eval 89/120 games (74.2%)  rate=3.7 games/min  workers_done=0/8  eta=8min
  [13:22:37] eval 89/120 games (74.2%)  rate=3.7 games/min  workers_done=0/8  eta=8min
  [13:23:07] eval 92/120 games (76.7%)  rate=3.7 games/min  workers_done=1/8  eta=7min
  [13:23:37] eval 95/120 games (79.2%)  rate=3.7 games/min  workers_done=1/8  eta=7min
  [13:24:07] eval 96/120 games (80.0%)  rate=3.7 games/min  workers_done=1/8  eta=6min
  [13:24:37] eval 96/120 games (80.0%)  rate=3.7 games/min  workers_done=1/8  eta=6min
  [13:25:08] eval 98/120 games (81.7%)  rate=3.7 games/min  workers_done=1/8  eta=6min
  [13:25:38] eval 102/120 games (85.0%)  rate=3.7 games/min  workers_done=3/8  eta=5min
  [13:26:08] eval 103/120 games (85.8%)  rate=3.7 games/min  workers_done=3/8  eta=5min
  [13:26:38] eval 105/120 games (87.5%)  rate=3.8 games/min  workers_done=3/8  eta=4min
  [13:27:08] eval 108/120 games (90.0%)  rate=3.8 games/min  workers_done=3/8  eta=3min
  [13:27:38] eval 110/120 games (91.7%)  rate=3.8 games/min  workers_done=3/8  eta=3min
  [13:28:08] eval 111/120 games (92.5%)  rate=3.8 games/min  workers_done=3/8  eta=2min
  [13:28:38] eval 114/120 games (95.0%)  rate=3.9 games/min  workers_done=4/8  eta=2min
  [13:29:08] eval 114/120 games (95.0%)  rate=3.9 games/min  workers_done=4/8  eta=2min
  [13:29:38] eval 117/120 games (97.5%)  rate=3.9 games/min  workers_done=6/8  eta=1min
  [13:30:08] eval 117/120 games (97.5%)  rate=3.9 games/min  workers_done=6/8  eta=1min
  [13:30:38] eval 119/120 games (99.2%)  rate=3.9 games/min  workers_done=7/8  eta=0min

=== 120 games in 33.9 min ===
W/D/L: 9 / 25 / 86
score: 0.179   95% CI: [0.111, 0.248]
Elo gap to opponent: -264
Agent absolute Elo (anchor 1350): 1086 [988, 1157]
=== Phase 3a wall: 2033s ===

=== Phase 3b: 120g vs SF1350 @ 1600 sims | Tue May 12 13:30:57 UTC 2026 ===
agent: checkpoints/run02_30ep/distilled_epoch029.pt (sims=1600, K=8, net=20x256)
opponent: Stockfish elo=1350 skill=None depth=8
workers: 8 × 15 = 120 games
progress files: checkpoints/run02_30ep/.eval_progress_wNN.json
  [13:31:27] eval 0/120 games (0.0%)  rate=0.0 games/min  workers_done=0/8  eta=—
  [13:31:57] eval 0/120 games (0.0%)  rate=0.0 games/min  workers_done=0/8  eta=—
  [13:32:27] eval 0/120 games (0.0%)  rate=0.0 games/min  workers_done=0/8  eta=—
  [13:32:57] eval 0/120 games (0.0%)  rate=0.0 games/min  workers_done=0/8  eta=—
  [13:33:27] eval 1/120 games (0.8%)  rate=4.1 games/min  workers_done=0/8  eta=29min
  [13:33:57] eval 1/120 games (0.8%)  rate=4.1 games/min  workers_done=0/8  eta=29min
  [13:34:27] eval 3/120 games (2.5%)  rate=3.0 games/min  workers_done=0/8  eta=39min
  [13:34:57] eval 4/120 games (3.3%)  rate=3.0 games/min  workers_done=0/8  eta=38min
  [13:35:28] eval 6/120 games (5.0%)  rate=2.6 games/min  workers_done=0/8  eta=45min
  [13:35:58] eval 7/120 games (5.8%)  rate=2.4 games/min  workers_done=0/8  eta=47min
  [13:36:28] eval 7/120 games (5.8%)  rate=2.4 games/min  workers_done=0/8  eta=47min
  [13:36:58] eval 7/120 games (5.8%)  rate=2.4 games/min  workers_done=0/8  eta=47min
  [13:37:28] eval 11/120 games (9.2%)  rate=2.2 games/min  workers_done=0/8  eta=48min
  [13:37:58] eval 11/120 games (9.2%)  rate=2.2 games/min  workers_done=0/8  eta=48min
  [13:38:28] eval 13/120 games (10.8%)  rate=2.3 games/min  workers_done=0/8  eta=47min
  [13:38:58] eval 14/120 games (11.7%)  rate=2.4 games/min  workers_done=0/8  eta=45min
  [13:39:28] eval 14/120 games (11.7%)  rate=2.4 games/min  workers_done=0/8  eta=45min
  [13:39:58] eval 15/120 games (12.5%)  rate=2.4 games/min  workers_done=0/8  eta=43min
  [13:40:28] eval 15/120 games (12.5%)  rate=2.4 games/min  workers_done=0/8  eta=43min
  [13:40:58] eval 16/120 games (13.3%)  rate=2.2 games/min  workers_done=0/8  eta=47min
  [13:41:28] eval 18/120 games (15.0%)  rate=2.2 games/min  workers_done=0/8  eta=47min
  [13:41:58] eval 19/120 games (15.8%)  rate=2.2 games/min  workers_done=0/8  eta=45min
  [13:42:28] eval 20/120 games (16.7%)  rate=2.2 games/min  workers_done=0/8  eta=46min
  [13:42:59] eval 21/120 games (17.5%)  rate=2.2 games/min  workers_done=0/8  eta=46min
  [13:43:29] eval 22/120 games (18.3%)  rate=2.1 games/min  workers_done=0/8  eta=47min
  [13:43:59] eval 22/120 games (18.3%)  rate=2.1 games/min  workers_done=0/8  eta=47min
  [13:44:29] eval 22/120 games (18.3%)  rate=2.1 games/min  workers_done=0/8  eta=47min
  [13:44:59] eval 22/120 games (18.3%)  rate=2.1 games/min  workers_done=0/8  eta=47min
  [13:45:29] eval 24/120 games (20.0%)  rate=2.1 games/min  workers_done=0/8  eta=46min
  [13:45:59] eval 24/120 games (20.0%)  rate=2.1 games/min  workers_done=0/8  eta=46min
  [13:46:29] eval 26/120 games (21.7%)  rate=2.0 games/min  workers_done=0/8  eta=46min
  [13:46:59] eval 26/120 games (21.7%)  rate=2.0 games/min  workers_done=0/8  eta=46min
  [13:47:29] eval 28/120 games (23.3%)  rate=2.1 games/min  workers_done=0/8  eta=45min
  [13:47:59] eval 30/120 games (25.0%)  rate=2.0 games/min  workers_done=0/8  eta=45min
  [13:48:29] eval 30/120 games (25.0%)  rate=2.0 games/min  workers_done=0/8  eta=45min
  [13:48:59] eval 31/120 games (25.8%)  rate=1.9 games/min  workers_done=0/8  eta=46min
  [13:49:29] eval 32/120 games (26.7%)  rate=1.9 games/min  workers_done=0/8  eta=46min
  [13:49:59] eval 32/120 games (26.7%)  rate=1.9 games/min  workers_done=0/8  eta=46min
  [13:50:30] eval 34/120 games (28.3%)  rate=2.0 games/min  workers_done=0/8  eta=44min
  [13:51:00] eval 35/120 games (29.2%)  rate=2.0 games/min  workers_done=0/8  eta=43min
  [13:51:30] eval 36/120 games (30.0%)  rate=2.0 games/min  workers_done=0/8  eta=42min
  [13:52:00] eval 37/120 games (30.8%)  rate=2.0 games/min  workers_done=0/8  eta=41min
